[3700:14676:0609/072115.977:WARNING:chrome_main_delegate.cc(745)] This is Chrome version 128.0.6613.138 (not a warning)
[3700:13500:0609/072116.026:ERROR:google_update_settings.cc(265)] Failed opening key Software\Chromium to set usagestats; result: 5
[3700:14676:0609/072116.035:WARNING:account_consistency_mode_manager.cc(77)] Desktop Identity Consistency cannot be enabled as no OAuth client ID and client secret have been configured.
[24436:9916:0609/072119.318:WARNING:frame_impl.cc(430)] virtual CefFrameImpl::SendProcessMessage sent to detached frame 5-98FCAE4BBDB78CB033AFC9305CF24BB5 will be ignored
[3700:10584:0609/090159.439:ERROR:cast_crl.cc(443)] CRL - Verification failed.
[3700:10584:0609/090234.566:ERROR:cast_crl.cc(443)] CRL - Verification failed.
[3700:10584:0609/090329.690:ERROR:cast_crl.cc(443)] CRL - Verification failed.
[3700:10584:0609/090429.920:ERROR:cast_crl.cc(443)] CRL - Verification failed.
[3700:10584:0609/090529.931:ERROR:cast_crl.cc(443)] CRL - Verification failed.
[3700:10584:0609/090629.939:ERROR:cast_crl.cc(443)] CRL - Verification failed.
[3700:10584:0609/090729.946:ERROR:cast_crl.cc(443)] CRL - Verification failed.
[3700:10584:0609/090829.963:ERROR:cast_crl.cc(443)] CRL - Verification failed.
[3700:10584:0609/090929.976:ERROR:cast_crl.cc(443)] CRL - Verification failed.
[3700:10584:0609/091029.977:ERROR:cast_crl.cc(443)] CRL - Verification failed.
[3700:10584:0609/091129.996:ERROR:cast_crl.cc(443)] CRL - Verification failed.
[3700:10584:0609/091235.002:ERROR:cast_crl.cc(443)] CRL - Verification failed.
[3700:10584:0609/091335.009:ERROR:cast_crl.cc(443)] CRL - Verification failed.
[3700:10584:0609/091435.022:ERROR:cast_crl.cc(443)] CRL - Verification failed.
[3700:10584:0609/091535.037:ERROR:cast_crl.cc(443)] CRL - Verification failed.
[3700:10584:0609/091635.066:ERROR:cast_crl.cc(443)] CRL - Verification failed.
[3700:10584:0609/091735.067:ERROR:cast_crl.cc(443)] CRL - Verification failed.
[3700:10584:0609/091835.084:ERROR:cast_crl.cc(443)] CRL - Verification failed.
[3700:10584:0609/092030.106:ERROR:cast_crl.cc(443)] CRL - Verification failed.
[3700:10584:0609/092130.106:ERROR:cast_crl.cc(443)] CRL - Verification failed.
[3700:10584:0609/092230.125:ERROR:cast_crl.cc(443)] CRL - Verification failed.
[3700:10584:0609/092330.140:ERROR:cast_crl.cc(443)] CRL - Verification failed.
[3700:10584:0609/092430.835:ERROR:cast_crl.cc(443)] CRL - Verification failed.
[3700:10584:0609/092530.851:ERROR:cast_crl.cc(443)] CRL - Verification failed.
[3700:10584:0609/092630.846:ERROR:cast_crl.cc(443)] CRL - Verification failed.
[3700:10584:0609/092805.866:ERROR:cast_crl.cc(443)] CRL - Verification failed.
[3700:10584:0609/092906.219:ERROR:cast_crl.cc(443)] CRL - Verification failed.
[3700:10584:0609/093006.221:ERROR:cast_crl.cc(443)] CRL - Verification failed.
[3700:10584:0609/093101.228:ERROR:cast_crl.cc(443)] CRL - Verification failed.
[3700:10584:0609/093201.242:ERROR:cast_crl.cc(443)] CRL - Verification failed.
[3700:10584:0609/093301.267:ERROR:cast_crl.cc(443)] CRL - Verification failed.
[3700:10584:0609/093401.271:ERROR:cast_crl.cc(443)] CRL - Verification failed.
[3700:10584:0609/093456.272:ERROR:cast_crl.cc(443)] CRL - Verification failed.
[3700:10584:0609/093556.287:ERROR:cast_crl.cc(443)] CRL - Verification failed.
[3700:10584:0609/093656.637:ERROR:cast_crl.cc(443)] CRL - Verification failed.
[3700:10584:0609/093756.652:ERROR:cast_crl.cc(443)] CRL - Verification failed.
[3700:10584:0609/093856.659:ERROR:cast_crl.cc(443)] CRL - Verification failed.
[3700:10584:0609/093956.674:ERROR:cast_crl.cc(443)] CRL - Verification failed.
[3700:10584:0609/094056.687:ERROR:cast_crl.cc(443)] CRL - Verification failed.
[3700:10584:0609/094156.705:ERROR:cast_crl.cc(443)] CRL - Verification failed.
[3700:10584:0609/094256.716:ERROR:cast_crl.cc(443)] CRL - Verification failed.
[3700:10584:0609/094356.733:ERROR:cast_crl.cc(443)] CRL - Verification failed.
[3700:10584:0609/094456.746:ERROR:cast_crl.cc(443)] CRL - Verification failed.
[3700:10584:0609/094556.749:ERROR:cast_crl.cc(443)] CRL - Verification failed.
[3700:10584:0609/094656.767:ERROR:cast_crl.cc(443)] CRL - Verification failed.
[3700:10584:0609/094755.447:ERROR:cast_crl.cc(443)] CRL - Verification failed.
[3700:10584:0609/094855.472:ERROR:cast_crl.cc(443)] CRL - Verification failed.
[3700:10584:0609/095006.153:ERROR:cast_crl.cc(443)] CRL - Verification failed.
[3700:10584:0609/095104.850:ERROR:cast_crl.cc(443)] CRL - Verification failed.
[3700:10584:0609/095215.504:ERROR:cast_crl.cc(443)] CRL - Verification failed.
[3700:10584:0609/095319.180:ERROR:cast_crl.cc(443)] CRL - Verification failed.
[3700:10584:0609/095419.191:ERROR:cast_crl.cc(443)] CRL - Verification failed.
[3700:10584:0609/095529.879:ERROR:cast_crl.cc(443)] CRL - Verification failed.
[3700:10584:0609/095629.887:ERROR:cast_crl.cc(443)] CRL - Verification failed.
[3700:10584:0609/095729.900:ERROR:cast_crl.cc(443)] CRL - Verification failed.
[3700:10584:0609/095829.912:ERROR:cast_crl.cc(443)] CRL - Verification failed.
[3700:10584:0609/095929.920:ERROR:cast_crl.cc(443)] CRL - Verification failed.
[3700:10584:0609/100040.596:ERROR:cast_crl.cc(443)] CRL - Verification failed.
[3700:10584:0609/100139.284:ERROR:cast_crl.cc(443)] CRL - Verification failed.
[3700:10584:0609/100239.286:ERROR:cast_crl.cc(443)] CRL - Verification failed.
[3700:10584:0609/100339.300:ERROR:cast_crl.cc(443)] CRL - Verification failed.
[3700:10584:0609/100437.975:ERROR:cast_crl.cc(443)] CRL - Verification failed.
[3700:10584:0609/100545.648:ERROR:cast_crl.cc(443)] CRL - Verification failed.
[3700:10584:0609/100645.661:ERROR:cast_crl.cc(443)] CRL - Verification failed.
[3700:10584:0609/100745.668:ERROR:cast_crl.cc(443)] CRL - Verification failed.
[3700:10584:0609/100853.348:ERROR:cast_crl.cc(443)] CRL - Verification failed.
[3700:10584:0609/100952.024:ERROR:cast_crl.cc(443)] CRL - Verification failed.
[3700:10584:0609/101052.037:ERROR:cast_crl.cc(443)] CRL - Verification failed.
[3700:10584:0609/101202.717:ERROR:cast_crl.cc(443)] CRL - Verification failed.
[3700:10584:0609/101333.402:ERROR:cast_crl.cc(443)] CRL - Verification failed.
[3700:10584:0609/101433.416:ERROR:cast_crl.cc(443)] CRL - Verification failed.
[3700:10584:0609/101544.100:ERROR:cast_crl.cc(443)] CRL - Verification failed.
[3700:10584:0609/101654.778:ERROR:cast_crl.cc(443)] CRL - Verification failed.
[3700:10584:0609/101753.457:ERROR:cast_crl.cc(443)] CRL - Verification failed.
[3700:10584:0609/101904.143:ERROR:cast_crl.cc(443)] CRL - Verification failed.
[3700:10584:0609/102002.817:ERROR:cast_crl.cc(443)] CRL - Verification failed.
[3700:10584:0609/102113.494:ERROR:cast_crl.cc(443)] CRL - Verification failed.
[3700:10584:0609/102213.118:ERROR:cast_crl.cc(443)] CRL - Verification failed.
[3700:10584:0609/102317.779:ERROR:cast_crl.cc(443)] CRL - Verification failed.
[3700:10584:0609/102417.999:ERROR:cast_crl.cc(443)] CRL - Verification failed.
[3700:10584:0609/102528.088:ERROR:cast_crl.cc(443)] CRL - Verification failed.
[3700:10584:0609/102627.748:ERROR:cast_crl.cc(443)] CRL - Verification failed.
[3700:10584:0609/102737.830:ERROR:cast_crl.cc(443)] CRL - Verification failed.
[3700:10584:0609/102837.486:ERROR:cast_crl.cc(443)] CRL - Verification failed.
[3700:10584:0609/102947.580:ERROR:cast_crl.cc(443)] CRL - Verification failed.
[3700:10584:0609/103047.222:ERROR:cast_crl.cc(443)] CRL - Verification failed.
[3700:10584:0609/103146.874:ERROR:cast_crl.cc(443)] CRL - Verification failed.
[3700:10584:0609/103250.060:ERROR:cast_crl.cc(443)] CRL - Verification failed.
[3700:10584:0609/103349.764:ERROR:cast_crl.cc(443)] CRL - Verification failed.
[3700:10584:0609/103459.856:ERROR:cast_crl.cc(443)] CRL - Verification failed.
[3700:10584:0609/103559.509:ERROR:cast_crl.cc(443)] CRL - Verification failed.
[3700:10584:0609/103709.614:ERROR:cast_crl.cc(443)] CRL - Verification failed.
[3700:10584:0609/103809.376:ERROR:cast_crl.cc(443)] CRL - Verification failed.
[3700:10584:0609/103910.470:ERROR:cast_crl.cc(443)] CRL - Verification failed.
[3700:10584:0609/104010.264:ERROR:cast_crl.cc(443)] CRL - Verification failed.
[3700:10584:0609/104111.349:ERROR:cast_crl.cc(443)] CRL - Verification failed.
[3700:10584:0609/104226.760:ERROR:cast_crl.cc(443)] CRL - Verification failed.
[3700:10584:0609/104326.576:ERROR:cast_crl.cc(443)] CRL - Verification failed.
[3700:10584:0609/104436.676:ERROR:cast_crl.cc(443)] CRL - Verification failed.
[3700:10584:0609/104536.495:ERROR:cast_crl.cc(443)] CRL - Verification failed.
[3700:10584:0609/104646.998:ERROR:cast_crl.cc(443)] CRL - Verification failed.
[3700:10584:0609/104746.660:ERROR:cast_crl.cc(443)] CRL - Verification failed.
[3700:10584:0609/104846.768:ERROR:cast_crl.cc(443)] CRL - Verification failed.
[3700:10584:0609/104946.785:ERROR:cast_crl.cc(443)] CRL - Verification failed.
[3700:10584:0609/105053.884:ERROR:cast_crl.cc(443)] CRL - Verification failed.
[3700:10584:0609/105155.986:ERROR:cast_crl.cc(443)] CRL - Verification failed.
[3700:10584:0609/105300.650:ERROR:cast_crl.cc(443)] CRL - Verification failed.
[3700:10584:0609/105358.742:ERROR:cast_crl.cc(443)] CRL - Verification failed.
[3700:10584:0609/105458.439:ERROR:cast_crl.cc(443)] CRL - Verification failed.
[3700:10584:0609/105609.118:ERROR:cast_crl.cc(443)] CRL - Verification failed.
[3700:10584:0609/105707.226:ERROR:cast_crl.cc(443)] CRL - Verification failed.
[3700:10584:0609/105817.334:ERROR:cast_crl.cc(443)] CRL - Verification failed.
[3700:10584:0609/105927.421:ERROR:cast_crl.cc(443)] CRL - Verification failed.
[3700:10584:0609/110027.078:ERROR:cast_crl.cc(443)] CRL - Verification failed.
[3700:10584:0609/110137.185:ERROR:cast_crl.cc(443)] CRL - Verification failed.
[3700:10584:0609/110236.925:ERROR:cast_crl.cc(443)] CRL - Verification failed.
[3700:10584:0609/110347.348:ERROR:cast_crl.cc(443)] CRL - Verification failed.
[3700:10584:0609/110447.432:ERROR:cast_crl.cc(443)] CRL - Verification failed.
[3700:10584:0609/110552.855:ERROR:cast_crl.cc(443)] CRL - Verification failed.
[3700:10584:0609/110652.941:ERROR:cast_crl.cc(443)] CRL - Verification failed.
[3700:10584:0609/110803.034:ERROR:cast_crl.cc(443)] CRL - Verification failed.
[3700:10584:0609/110902.766:ERROR:cast_crl.cc(443)] CRL - Verification failed.
[3700:10584:0609/111002.453:ERROR:cast_crl.cc(443)] CRL - Verification failed.
[3700:10584:0609/111102.176:ERROR:cast_crl.cc(443)] CRL - Verification failed.
[3700:10584:0609/111212.263:ERROR:cast_crl.cc(443)] CRL - Verification failed.
[3700:10584:0609/111312.103:ERROR:cast_crl.cc(443)] CRL - Verification failed.
[3700:10584:0609/111418.261:ERROR:cast_crl.cc(443)] CRL - Verification failed.
[3700:10584:0609/111517.933:ERROR:cast_crl.cc(443)] CRL - Verification failed.
[3700:10584:0609/111617.570:ERROR:cast_crl.cc(443)] CRL - Verification failed.
[3700:10584:0609/111727.712:ERROR:cast_crl.cc(443)] CRL - Verification failed.
[3700:10584:0609/111827.431:ERROR:cast_crl.cc(443)] CRL - Verification failed.
[3700:10584:0609/111937.529:ERROR:cast_crl.cc(443)] CRL - Verification failed.
[3700:10584:0609/112037.194:ERROR:cast_crl.cc(443)] CRL - Verification failed.
[3700:10584:0609/112147.380:ERROR:cast_crl.cc(443)] CRL - Verification failed.
[3700:10584:0609/112247.057:ERROR:cast_crl.cc(443)] CRL - Verification failed.
[3700:10584:0609/112357.150:ERROR:cast_crl.cc(443)] CRL - Verification failed.
[3700:10584:0609/112507.305:ERROR:cast_crl.cc(443)] CRL - Verification failed.
[3700:10584:0609/112607.091:ERROR:cast_crl.cc(443)] CRL - Verification failed.
[3700:10584:0609/112717.349:ERROR:cast_crl.cc(443)] CRL - Verification failed.
[3700:10584:0609/112827.445:ERROR:cast_crl.cc(443)] CRL - Verification failed.
[3700:10584:0609/112927.565:ERROR:cast_crl.cc(443)] CRL - Verification failed.
[3700:10584:0609/113027.832:ERROR:cast_crl.cc(443)] CRL - Verification failed.
[3700:10584:0609/113138.528:ERROR:cast_crl.cc(443)] CRL - Verification failed.
[3700:10584:0609/113238.525:ERROR:cast_crl.cc(443)] CRL - Verification failed.
[3700:10584:0609/113348.615:ERROR:cast_crl.cc(443)] CRL - Verification failed.
[3700:10584:0609/113459.127:ERROR:cast_crl.cc(443)] CRL - Verification failed.
[3700:10584:0609/113557.812:ERROR:cast_crl.cc(443)] CRL - Verification failed.
[3700:10584:0609/113707.891:ERROR:cast_crl.cc(443)] CRL - Verification failed.
[3700:10584:0609/113848.622:ERROR:cast_crl.cc(443)] CRL - Verification failed.
[3700:10584:0609/113956.298:ERROR:cast_crl.cc(443)] CRL - Verification failed.
[3700:10584:0609/114052.977:ERROR:cast_crl.cc(443)] CRL - Verification failed.
[3700:10584:0609/114203.068:ERROR:cast_crl.cc(443)] CRL - Verification failed.
[3700:10584:0609/114303.151:ERROR:cast_crl.cc(443)] CRL - Verification failed.
[3700:10584:0609/114438.178:ERROR:cast_crl.cc(443)] CRL - Verification failed.
[3700:10584:0609/114548.859:ERROR:cast_crl.cc(443)] CRL - Verification failed.
[3700:10584:0609/114648.866:ERROR:cast_crl.cc(443)] CRL - Verification failed.
[3700:10584:0609/114759.544:ERROR:cast_crl.cc(443)] CRL - Verification failed.
[3700:10584:0609/114859.561:ERROR:cast_crl.cc(443)] CRL - Verification failed.
[3700:10584:0609/115003.240:ERROR:cast_crl.cc(443)] CRL - Verification failed.
[3700:10584:0609/115113.249:ERROR:cast_crl.cc(443)] CRL - Verification failed.
[3700:10584:0609/115218.263:ERROR:cast_crl.cc(443)] CRL - Verification failed.
[3700:10584:0609/115325.938:ERROR:cast_crl.cc(443)] CRL - Verification failed.
[3700:10584:0609/115426.278:ERROR:cast_crl.cc(443)] CRL - Verification failed.
[3700:14676:0609/115517.640:WARNING:pref_notifier_impl.cc(41)] Pref observer for media_router.cast_allow_all_ips found at shutdown.
